<?xml version="1.0" encoding="UTF-8"?>
<!-- Generated by org.testng.reporters.JUnitXMLReporter -->
<testsuite hostname="LAPTOP-O5FB33DG" ignored="0" name="Default test" tests="5" failures="0" timestamp="03 Dec 2022 12:28:48 GMT" time="2.738" errors="0">
  <testcase name="test_getAllVideoGames" time="1.776" classname="testcases.TC_VideoGameAPI"/>
  <testcase name="test_AddNewGame" time="0.428" classname="testcases.TC_VideoGameAPI"/>
  <testcase name="test_getVideoGame" time="0.369" classname="testcases.TC_VideoGameAPI"/>
  <testcase name="test_updateVideoGame" time="0.097" classname="testcases.TC_VideoGameAPI"/>
  <testcase name="test_deleteVideoGame" time="0.027" classname="testcases.TC_VideoGameAPI"/>
</testsuite> <!-- Default test -->
