<?xml version="1.0" encoding="UTF-8"?>
<testng-results skipped="0" failed="0" ignored="0" total="5" passed="5">
  <reporter-output>
  </reporter-output>
  <suite name="Default suite" duration-ms="2738" started-at="2022-12-03T12:28:45Z" finished-at="2022-12-03T12:28:48Z">
    <groups>
    </groups>
    <test name="Default test" duration-ms="2738" started-at="2022-12-03T12:28:45Z" finished-at="2022-12-03T12:28:48Z">
      <class name="testcases.TC_VideoGameAPI">
        <test-method status="PASS" signature="test_getAllVideoGames()[pri:1, instance:testcases.TC_VideoGameAPI@3bfdc050]" name="test_getAllVideoGames" duration-ms="1776" started-at="2022-12-03T12:28:45Z" finished-at="2022-12-03T12:28:47Z">
          <reporter-output>
          </reporter-output>
        </test-method> <!-- test_getAllVideoGames -->
        <test-method status="PASS" signature="test_AddNewGame()[pri:2, instance:testcases.TC_VideoGameAPI@3bfdc050]" name="test_AddNewGame" duration-ms="428" started-at="2022-12-03T12:28:47Z" finished-at="2022-12-03T12:28:47Z">
          <reporter-output>
          </reporter-output>
        </test-method> <!-- test_AddNewGame -->
        <test-method status="PASS" signature="test_getVideoGame()[pri:3, instance:testcases.TC_VideoGameAPI@3bfdc050]" name="test_getVideoGame" duration-ms="369" started-at="2022-12-03T12:28:47Z" finished-at="2022-12-03T12:28:48Z">
          <reporter-output>
          </reporter-output>
        </test-method> <!-- test_getVideoGame -->
        <test-method status="PASS" signature="test_updateVideoGame()[pri:4, instance:testcases.TC_VideoGameAPI@3bfdc050]" name="test_updateVideoGame" duration-ms="97" started-at="2022-12-03T12:28:48Z" finished-at="2022-12-03T12:28:48Z">
          <reporter-output>
          </reporter-output>
        </test-method> <!-- test_updateVideoGame -->
        <test-method status="PASS" signature="test_deleteVideoGame()[pri:5, instance:testcases.TC_VideoGameAPI@3bfdc050]" name="test_deleteVideoGame" duration-ms="27" started-at="2022-12-03T12:28:48Z" finished-at="2022-12-03T12:28:48Z">
          <reporter-output>
          </reporter-output>
        </test-method> <!-- test_deleteVideoGame -->
      </class> <!-- testcases.TC_VideoGameAPI -->
    </test> <!-- Default test -->
  </suite> <!-- Default suite -->
</testng-results>
